2017/10/24 12:15:03 [error] [php] date() expects parameter 2 to be long, string given (C:\wamp\www\real-copy\real\protected\controllers\admin\MyController.php:44)
Stack trace:
#0 C:\wamp\www\real-copy\framework\web\CController.php(308): CInlineAction->runWithParams()
#1 C:\wamp\www\real-copy\framework\web\CController.php(286): MyController->runAction()
#2 C:\wamp\www\real-copy\framework\web\CController.php(265): MyController->runActionWithFilters()
#3 C:\wamp\www\real-copy\framework\web\CWebApplication.php(282): MyController->run()
#4 C:\wamp\www\real-copy\framework\web\CWebApplication.php(141): CWebApplication->runController()
#5 C:\wamp\www\real-copy\framework\base\CApplication.php(185): CWebApplication->processRequest()
#6 C:\wamp\www\real-copy\real\index.php(13): CWebApplication->run()
REQUEST_URI=/real-copy/real/?r=admin/my/statistics
in C:\wamp\www\real-copy\real\protected\controllers\admin\MyController.php (44)
in C:\wamp\www\real-copy\real\index.php (13)
2017/10/25 10:34:28 [error] [php] file_get_contents(C:/wamp/www/real-copy/real/_aatem/model.php): failed to open stream: No such file or directory (C:\wamp\www\real-copy\real\protected\controllers\admin\ArtisanController.php:110)
Stack trace:
#0 C:\wamp\www\real-copy\framework\web\CController.php(308): CInlineAction->runWithParams()
#1 C:\wamp\www\real-copy\framework\web\CController.php(286): ArtisanController->runAction()
#2 C:\wamp\www\real-copy\framework\web\CController.php(265): ArtisanController->runActionWithFilters()
#3 C:\wamp\www\real-copy\framework\web\CWebApplication.php(282): ArtisanController->run()
#4 C:\wamp\www\real-copy\framework\web\CWebApplication.php(141): CWebApplication->runController()
#5 C:\wamp\www\real-copy\framework\base\CApplication.php(185): CWebApplication->processRequest()
#6 C:\wamp\www\real-copy\real\index.php(13): CWebApplication->run()
REQUEST_URI=/real-copy/real/?r=admin/artisan/start
in C:\wamp\www\real-copy\real\protected\controllers\admin\ArtisanController.php (110)
in C:\wamp\www\real-copy\real\index.php (13)
2017/10/26 11:22:50 [error] [php] Undefined variable: sql (C:\wamp\www\real-copy\real\protected\controllers\admin\IndexController.php:58)
Stack trace:
#0 C:\wamp\www\real-copy\framework\web\CController.php(286): IndexController->runAction()
#1 C:\wamp\www\real-copy\framework\web\CController.php(265): IndexController->runActionWithFilters()
#2 C:\wamp\www\real-copy\framework\web\CWebApplication.php(282): IndexController->run()
#3 C:\wamp\www\real-copy\framework\web\CWebApplication.php(141): CWebApplication->runController()
#4 C:\wamp\www\real-copy\framework\base\CApplication.php(185): CWebApplication->processRequest()
#5 C:\wamp\www\real-copy\real\index.php(13): CWebApplication->run()
REQUEST_URI=/real-copy/real/?r=/admin/index/SearchToday&time_type=today&start=&end=
in C:\wamp\www\real-copy\real\protected\controllers\admin\IndexController.php (58)
in C:\wamp\www\real-copy\real\index.php (13)
2017/10/26 11:51:05 [error] [php] array_sum() expects parameter 1 to be array, string given (C:\wamp\www\real-copy\real\protected\controllers\admin\IndexController.php:66)
Stack trace:
#0 C:\wamp\www\real-copy\framework\web\CController.php(308): CInlineAction->runWithParams()
#1 C:\wamp\www\real-copy\framework\web\CController.php(286): IndexController->runAction()
#2 C:\wamp\www\real-copy\framework\web\CController.php(265): IndexController->runActionWithFilters()
#3 C:\wamp\www\real-copy\framework\web\CWebApplication.php(282): IndexController->run()
#4 C:\wamp\www\real-copy\framework\web\CWebApplication.php(141): CWebApplication->runController()
#5 C:\wamp\www\real-copy\framework\base\CApplication.php(185): CWebApplication->processRequest()
#6 C:\wamp\www\real-copy\real\index.php(13): CWebApplication->run()
REQUEST_URI=/real-copy/real/?r=/admin/index/SearchToday&time_type=prev_seven&start=&end=
in C:\wamp\www\real-copy\real\protected\controllers\admin\IndexController.php (66)
in C:\wamp\www\real-copy\real\index.php (13)
2017/10/26 11:51:06 [error] [php] array_sum() expects parameter 1 to be array, string given (C:\wamp\www\real-copy\real\protected\controllers\admin\IndexController.php:66)
Stack trace:
#0 C:\wamp\www\real-copy\framework\web\CController.php(308): CInlineAction->runWithParams()
#1 C:\wamp\www\real-copy\framework\web\CController.php(286): IndexController->runAction()
#2 C:\wamp\www\real-copy\framework\web\CController.php(265): IndexController->runActionWithFilters()
#3 C:\wamp\www\real-copy\framework\web\CWebApplication.php(282): IndexController->run()
#4 C:\wamp\www\real-copy\framework\web\CWebApplication.php(141): CWebApplication->runController()
#5 C:\wamp\www\real-copy\framework\base\CApplication.php(185): CWebApplication->processRequest()
#6 C:\wamp\www\real-copy\real\index.php(13): CWebApplication->run()
REQUEST_URI=/real-copy/real/?r=/admin/index/SearchToday&time_type=prev_seven&start=&end=
in C:\wamp\www\real-copy\real\protected\controllers\admin\IndexController.php (66)
in C:\wamp\www\real-copy\real\index.php (13)
2017/10/26 12:41:36 [error] [php] array_sum() expects parameter 1 to be array, string given (C:\wamp\www\real-copy\real\protected\controllers\admin\IndexController.php:66)
Stack trace:
#0 C:\wamp\www\real-copy\framework\web\CController.php(308): CInlineAction->runWithParams()
#1 C:\wamp\www\real-copy\framework\web\CController.php(286): IndexController->runAction()
#2 C:\wamp\www\real-copy\framework\web\CController.php(265): IndexController->runActionWithFilters()
#3 C:\wamp\www\real-copy\framework\web\CWebApplication.php(282): IndexController->run()
#4 C:\wamp\www\real-copy\framework\web\CWebApplication.php(141): CWebApplication->runController()
#5 C:\wamp\www\real-copy\framework\base\CApplication.php(185): CWebApplication->processRequest()
#6 C:\wamp\www\real-copy\real\index.php(13): CWebApplication->run()
REQUEST_URI=/real-copy/real/?r=/admin/index/SearchToday&time_type=prev_seven&start=&end=
in C:\wamp\www\real-copy\real\protected\controllers\admin\IndexController.php (66)
in C:\wamp\www\real-copy\real\index.php (13)
2017/10/26 12:45:27 [error] [php] array_sum() expects parameter 1 to be array, string given (C:\wamp\www\real-copy\real\protected\controllers\admin\IndexController.php:69)
Stack trace:
#0 C:\wamp\www\real-copy\framework\web\CController.php(308): CInlineAction->runWithParams()
#1 C:\wamp\www\real-copy\framework\web\CController.php(286): IndexController->runAction()
#2 C:\wamp\www\real-copy\framework\web\CController.php(265): IndexController->runActionWithFilters()
#3 C:\wamp\www\real-copy\framework\web\CWebApplication.php(282): IndexController->run()
#4 C:\wamp\www\real-copy\framework\web\CWebApplication.php(141): CWebApplication->runController()
#5 C:\wamp\www\real-copy\framework\base\CApplication.php(185): CWebApplication->processRequest()
#6 C:\wamp\www\real-copy\real\index.php(13): CWebApplication->run()
REQUEST_URI=/real-copy/real/?r=/admin/index/SearchToday&time_type=prev_seven&start=&end=
in C:\wamp\www\real-copy\real\protected\controllers\admin\IndexController.php (69)
in C:\wamp\www\real-copy\real\index.php (13)
